<?xml version="1.0" encoding="UTF-8"?>
<!-- Generated by org.testng.reporters.JUnitReportReporter -->
<testsuite hostname="4N0TDV2" failures="0" tests="1" name="testController.TestController" time="541.111" errors="0" timestamp="2024-06-12T16:34:29 IST" skipped="0">
  <testcase classname="testController.TestController" name="TestCaseController" time="541.111">
    <system-out>
      <![CDATA[captureScreen method called
<a href='C:\Users\arorag\eclipse-workspace\AN4_FILI_UPDATED\src\test\java\screenshot\TC04[1]selectByVisibleText_12_06_2024_04_27_19.png'><img src='C:\Users\arorag\eclipse-workspace\AN4_FILI_UPDATED\src\test\java\screenshot\TC04[1]selectByVisibleText_12_06_2024_04_27_19.png'height='100' width='100'/></a>
captureScreen method called
<a href='C:\Users\arorag\eclipse-workspace\AN4_FILI_UPDATED\src\test\java\screenshot\TC04[1]selectByVisibleText_12_06_2024_04_27_29.png'><img src='C:\Users\arorag\eclipse-workspace\AN4_FILI_UPDATED\src\test\java\screenshot\TC04[1]selectByVisibleText_12_06_2024_04_27_29.png'height='100' width='100'/></a>
captureScreen method called
<a href='C:\Users\arorag\eclipse-workspace\AN4_FILI_UPDATED\src\test\java\screenshot\TC04[1]clickRadioButton_12_06_2024_04_30_07.png'><img src='C:\Users\arorag\eclipse-workspace\AN4_FILI_UPDATED\src\test\java\screenshot\TC04[1]clickRadioButton_12_06_2024_04_30_07.png'height='100' width='100'/></a>
captureScreen method called
<a href='C:\Users\arorag\eclipse-workspace\AN4_FILI_UPDATED\src\test\java\screenshot\TC04[1]inputText_12_06_2024_04_30_17.png'><img src='C:\Users\arorag\eclipse-workspace\AN4_FILI_UPDATED\src\test\java\screenshot\TC04[1]inputText_12_06_2024_04_30_17.png'height='100' width='100'/></a>
captureScreen method called
<a href='C:\Users\arorag\eclipse-workspace\AN4_FILI_UPDATED\src\test\java\screenshot\TC04[1]inputText_12_06_2024_04_30_46.png'><img src='C:\Users\arorag\eclipse-workspace\AN4_FILI_UPDATED\src\test\java\screenshot\TC04[1]inputText_12_06_2024_04_30_46.png'height='100' width='100'/></a>
captureScreen method called
<a href='C:\Users\arorag\eclipse-workspace\AN4_FILI_UPDATED\src\test\java\screenshot\TC04[1]clickRadioButton_12_06_2024_04_34_08.png'><img src='C:\Users\arorag\eclipse-workspace\AN4_FILI_UPDATED\src\test\java\screenshot\TC04[1]clickRadioButton_12_06_2024_04_34_08.png'height='100' width='100'/></a>
captureScreen method called
<a href='C:\Users\arorag\eclipse-workspace\AN4_FILI_UPDATED\src\test\java\screenshot\TC04[1]clickRadioButton_12_06_2024_04_34_27.png'><img src='C:\Users\arorag\eclipse-workspace\AN4_FILI_UPDATED\src\test\java\screenshot\TC04[1]clickRadioButton_12_06_2024_04_34_27.png'height='100' width='100'/></a>
captureScreen method called
<a href='C:\Users\arorag\eclipse-workspace\AN4_FILI_UPDATED\src\test\java\screenshot\TC04[1]clickRadioButton_12_06_2024_04_34_28.png'><img src='C:\Users\arorag\eclipse-workspace\AN4_FILI_UPDATED\src\test\java\screenshot\TC04[1]clickRadioButton_12_06_2024_04_34_28.png'height='100' width='100'/></a>
captureScreen method called
captureScreen method called
captureScreen method called
captureScreen method called
captureScreen method called]]>
    </system-out>
  </testcase> <!-- TestCaseController -->
  <system-out>
    <![CDATA[captureScreen method called
<a href='C:\Users\arorag\eclipse-workspace\AN4_FILI_UPDATED\src\test\java\screenshot\TC04[1]selectByVisibleText_12_06_2024_04_27_19.png'><img src='C:\Users\arorag\eclipse-workspace\AN4_FILI_UPDATED\src\test\java\screenshot\TC04[1]selectByVisibleText_12_06_2024_04_27_19.png'height='100' width='100'/></a>
captureScreen method called
<a href='C:\Users\arorag\eclipse-workspace\AN4_FILI_UPDATED\src\test\java\screenshot\TC04[1]selectByVisibleText_12_06_2024_04_27_29.png'><img src='C:\Users\arorag\eclipse-workspace\AN4_FILI_UPDATED\src\test\java\screenshot\TC04[1]selectByVisibleText_12_06_2024_04_27_29.png'height='100' width='100'/></a>
captureScreen method called
<a href='C:\Users\arorag\eclipse-workspace\AN4_FILI_UPDATED\src\test\java\screenshot\TC04[1]clickRadioButton_12_06_2024_04_30_07.png'><img src='C:\Users\arorag\eclipse-workspace\AN4_FILI_UPDATED\src\test\java\screenshot\TC04[1]clickRadioButton_12_06_2024_04_30_07.png'height='100' width='100'/></a>
captureScreen method called
<a href='C:\Users\arorag\eclipse-workspace\AN4_FILI_UPDATED\src\test\java\screenshot\TC04[1]inputText_12_06_2024_04_30_17.png'><img src='C:\Users\arorag\eclipse-workspace\AN4_FILI_UPDATED\src\test\java\screenshot\TC04[1]inputText_12_06_2024_04_30_17.png'height='100' width='100'/></a>
captureScreen method called
<a href='C:\Users\arorag\eclipse-workspace\AN4_FILI_UPDATED\src\test\java\screenshot\TC04[1]inputText_12_06_2024_04_30_46.png'><img src='C:\Users\arorag\eclipse-workspace\AN4_FILI_UPDATED\src\test\java\screenshot\TC04[1]inputText_12_06_2024_04_30_46.png'height='100' width='100'/></a>
captureScreen method called
<a href='C:\Users\arorag\eclipse-workspace\AN4_FILI_UPDATED\src\test\java\screenshot\TC04[1]clickRadioButton_12_06_2024_04_34_08.png'><img src='C:\Users\arorag\eclipse-workspace\AN4_FILI_UPDATED\src\test\java\screenshot\TC04[1]clickRadioButton_12_06_2024_04_34_08.png'height='100' width='100'/></a>
captureScreen method called
<a href='C:\Users\arorag\eclipse-workspace\AN4_FILI_UPDATED\src\test\java\screenshot\TC04[1]clickRadioButton_12_06_2024_04_34_27.png'><img src='C:\Users\arorag\eclipse-workspace\AN4_FILI_UPDATED\src\test\java\screenshot\TC04[1]clickRadioButton_12_06_2024_04_34_27.png'height='100' width='100'/></a>
captureScreen method called
<a href='C:\Users\arorag\eclipse-workspace\AN4_FILI_UPDATED\src\test\java\screenshot\TC04[1]clickRadioButton_12_06_2024_04_34_28.png'><img src='C:\Users\arorag\eclipse-workspace\AN4_FILI_UPDATED\src\test\java\screenshot\TC04[1]clickRadioButton_12_06_2024_04_34_28.png'height='100' width='100'/></a>
captureScreen method called
captureScreen method called
captureScreen method called
captureScreen method called
captureScreen method called]]>
  </system-out>
</testsuite> <!-- testController.TestController -->
