<?xml version="1.0" encoding="UTF-8"?>
<!-- Generated by org.testng.reporters.JUnitReportReporter -->
<testsuite hostname="4N0TDV2" failures="0" tests="1" name="testController.TestController" time="1240.184" errors="0" timestamp="2024-06-12T14:57:34 IST" skipped="0">
  <testcase classname="testController.TestController" name="TestCaseController" time="1240.184">
    <system-out>
      <![CDATA[captureScreen method called
<a href='C:\Users\arorag\eclipse-workspace\AN4_FILI_UPDATED\src\test\java\screenshot\TC04[1]selectByVisibleText_12_06_2024_02_38_32.png'><img src='C:\Users\arorag\eclipse-workspace\AN4_FILI_UPDATED\src\test\java\screenshot\TC04[1]selectByVisibleText_12_06_2024_02_38_32.png'height='100' width='100'/></a>
captureScreen method called
<a href='C:\Users\arorag\eclipse-workspace\AN4_FILI_UPDATED\src\test\java\screenshot\TC04[1]selectByVisibleText_12_06_2024_02_38_52.png'><img src='C:\Users\arorag\eclipse-workspace\AN4_FILI_UPDATED\src\test\java\screenshot\TC04[1]selectByVisibleText_12_06_2024_02_38_52.png'height='100' width='100'/></a>
captureScreen method called
<a href='C:\Users\arorag\eclipse-workspace\AN4_FILI_UPDATED\src\test\java\screenshot\TC04[1]selectByVisibleText_12_06_2024_02_39_12.png'><img src='C:\Users\arorag\eclipse-workspace\AN4_FILI_UPDATED\src\test\java\screenshot\TC04[1]selectByVisibleText_12_06_2024_02_39_12.png'height='100' width='100'/></a>
captureScreen method called
<a href='C:\Users\arorag\eclipse-workspace\AN4_FILI_UPDATED\src\test\java\screenshot\TC04[1]selectByVisibleText_12_06_2024_02_39_33.png'><img src='C:\Users\arorag\eclipse-workspace\AN4_FILI_UPDATED\src\test\java\screenshot\TC04[1]selectByVisibleText_12_06_2024_02_39_33.png'height='100' width='100'/></a>
captureScreen method called
<a href='C:\Users\arorag\eclipse-workspace\AN4_FILI_UPDATED\src\test\java\screenshot\TC04[1]selectByVisibleText_12_06_2024_02_39_53.png'><img src='C:\Users\arorag\eclipse-workspace\AN4_FILI_UPDATED\src\test\java\screenshot\TC04[1]selectByVisibleText_12_06_2024_02_39_53.png'height='100' width='100'/></a>
captureScreen method called
<a href='C:\Users\arorag\eclipse-workspace\AN4_FILI_UPDATED\src\test\java\screenshot\TC04[1]clickOnLink_12_06_2024_02_40_13.png'><img src='C:\Users\arorag\eclipse-workspace\AN4_FILI_UPDATED\src\test\java\screenshot\TC04[1]clickOnLink_12_06_2024_02_40_13.png'height='100' width='100'/></a>
captureScreen method called
<a href='C:\Users\arorag\eclipse-workspace\AN4_FILI_UPDATED\src\test\java\screenshot\TC04[1]selectByVisibleText_12_06_2024_02_40_33.png'><img src='C:\Users\arorag\eclipse-workspace\AN4_FILI_UPDATED\src\test\java\screenshot\TC04[1]selectByVisibleText_12_06_2024_02_40_33.png'height='100' width='100'/></a>
captureScreen method called
<a href='C:\Users\arorag\eclipse-workspace\AN4_FILI_UPDATED\src\test\java\screenshot\TC04[1]selectByVisibleText_12_06_2024_02_40_53.png'><img src='C:\Users\arorag\eclipse-workspace\AN4_FILI_UPDATED\src\test\java\screenshot\TC04[1]selectByVisibleText_12_06_2024_02_40_53.png'height='100' width='100'/></a>
captureScreen method called
<a href='C:\Users\arorag\eclipse-workspace\AN4_FILI_UPDATED\src\test\java\screenshot\TC04[1]selectByVisibleText_12_06_2024_02_41_14.png'><img src='C:\Users\arorag\eclipse-workspace\AN4_FILI_UPDATED\src\test\java\screenshot\TC04[1]selectByVisibleText_12_06_2024_02_41_14.png'height='100' width='100'/></a>
captureScreen method called
<a href='C:\Users\arorag\eclipse-workspace\AN4_FILI_UPDATED\src\test\java\screenshot\TC04[1]clickRadioButton_12_06_2024_02_41_24.png'><img src='C:\Users\arorag\eclipse-workspace\AN4_FILI_UPDATED\src\test\java\screenshot\TC04[1]clickRadioButton_12_06_2024_02_41_24.png'height='100' width='100'/></a>
captureScreen method called
<a href='C:\Users\arorag\eclipse-workspace\AN4_FILI_UPDATED\src\test\java\screenshot\TC04[1]clickRadioButton_12_06_2024_02_41_34.png'><img src='C:\Users\arorag\eclipse-workspace\AN4_FILI_UPDATED\src\test\java\screenshot\TC04[1]clickRadioButton_12_06_2024_02_41_34.png'height='100' width='100'/></a>
captureScreen method called
<a href='C:\Users\arorag\eclipse-workspace\AN4_FILI_UPDATED\src\test\java\screenshot\TC04[1]clickOnLink_12_06_2024_02_41_44.png'><img src='C:\Users\arorag\eclipse-workspace\AN4_FILI_UPDATED\src\test\java\screenshot\TC04[1]clickOnLink_12_06_2024_02_41_44.png'height='100' width='100'/></a>
captureScreen method called
<a href='C:\Users\arorag\eclipse-workspace\AN4_FILI_UPDATED\src\test\java\screenshot\TC04[1]inputText_12_06_2024_02_42_15.png'><img src='C:\Users\arorag\eclipse-workspace\AN4_FILI_UPDATED\src\test\java\screenshot\TC04[1]inputText_12_06_2024_02_42_15.png'height='100' width='100'/></a>
captureScreen method called
<a href='C:\Users\arorag\eclipse-workspace\AN4_FILI_UPDATED\src\test\java\screenshot\TC04[1]inputText_12_06_2024_02_42_25.png'><img src='C:\Users\arorag\eclipse-workspace\AN4_FILI_UPDATED\src\test\java\screenshot\TC04[1]inputText_12_06_2024_02_42_25.png'height='100' width='100'/></a>
captureScreen method called
<a href='C:\Users\arorag\eclipse-workspace\AN4_FILI_UPDATED\src\test\java\screenshot\TC04[1]inputText_12_06_2024_02_42_35.png'><img src='C:\Users\arorag\eclipse-workspace\AN4_FILI_UPDATED\src\test\java\screenshot\TC04[1]inputText_12_06_2024_02_42_35.png'height='100' width='100'/></a>
captureScreen method called
<a href='C:\Users\arorag\eclipse-workspace\AN4_FILI_UPDATED\src\test\java\screenshot\TC04[1]inputText_12_06_2024_02_42_45.png'><img src='C:\Users\arorag\eclipse-workspace\AN4_FILI_UPDATED\src\test\java\screenshot\TC04[1]inputText_12_06_2024_02_42_45.png'height='100' width='100'/></a>
captureScreen method called
<a href='C:\Users\arorag\eclipse-workspace\AN4_FILI_UPDATED\src\test\java\screenshot\TC04[1]clickRadioButton_12_06_2024_02_42_55.png'><img src='C:\Users\arorag\eclipse-workspace\AN4_FILI_UPDATED\src\test\java\screenshot\TC04[1]clickRadioButton_12_06_2024_02_42_55.png'height='100' width='100'/></a>
captureScreen method called
<a href='C:\Users\arorag\eclipse-workspace\AN4_FILI_UPDATED\src\test\java\screenshot\TC04[1]clickOnLink_12_06_2024_02_43_06.png'><img src='C:\Users\arorag\eclipse-workspace\AN4_FILI_UPDATED\src\test\java\screenshot\TC04[1]clickOnLink_12_06_2024_02_43_06.png'height='100' width='100'/></a>
captureScreen method called
<a href='C:\Users\arorag\eclipse-workspace\AN4_FILI_UPDATED\src\test\java\screenshot\TC04[1]inputText_12_06_2024_02_43_26.png'><img src='C:\Users\arorag\eclipse-workspace\AN4_FILI_UPDATED\src\test\java\screenshot\TC04[1]inputText_12_06_2024_02_43_26.png'height='100' width='100'/></a>
captureScreen method called
<a href='C:\Users\arorag\eclipse-workspace\AN4_FILI_UPDATED\src\test\java\screenshot\TC04[1]inputText_12_06_2024_02_43_36.png'><img src='C:\Users\arorag\eclipse-workspace\AN4_FILI_UPDATED\src\test\java\screenshot\TC04[1]inputText_12_06_2024_02_43_36.png'height='100' width='100'/></a>
captureScreen method called
<a href='C:\Users\arorag\eclipse-workspace\AN4_FILI_UPDATED\src\test\java\screenshot\TC04[1]clickRadioButton_12_06_2024_02_43_46.png'><img src='C:\Users\arorag\eclipse-workspace\AN4_FILI_UPDATED\src\test\java\screenshot\TC04[1]clickRadioButton_12_06_2024_02_43_46.png'height='100' width='100'/></a>
captureScreen method called
<a href='C:\Users\arorag\eclipse-workspace\AN4_FILI_UPDATED\src\test\java\screenshot\TC04[1]inputText_12_06_2024_02_43_56.png'><img src='C:\Users\arorag\eclipse-workspace\AN4_FILI_UPDATED\src\test\java\screenshot\TC04[1]inputText_12_06_2024_02_43_56.png'height='100' width='100'/></a>
captureScreen method called
<a href='C:\Users\arorag\eclipse-workspace\AN4_FILI_UPDATED\src\test\java\screenshot\TC04[1]inputText_12_06_2024_02_44_06.png'><img src='C:\Users\arorag\eclipse-workspace\AN4_FILI_UPDATED\src\test\java\screenshot\TC04[1]inputText_12_06_2024_02_44_06.png'height='100' width='100'/></a>
captureScreen method called
<a href='C:\Users\arorag\eclipse-workspace\AN4_FILI_UPDATED\src\test\java\screenshot\TC04[1]inputText_12_06_2024_02_44_17.png'><img src='C:\Users\arorag\eclipse-workspace\AN4_FILI_UPDATED\src\test\java\screenshot\TC04[1]inputText_12_06_2024_02_44_17.png'height='100' width='100'/></a>
captureScreen method called
<a href='C:\Users\arorag\eclipse-workspace\AN4_FILI_UPDATED\src\test\java\screenshot\TC04[1]inputText_12_06_2024_02_44_27.png'><img src='C:\Users\arorag\eclipse-workspace\AN4_FILI_UPDATED\src\test\java\screenshot\TC04[1]inputText_12_06_2024_02_44_27.png'height='100' width='100'/></a>
captureScreen method called
<a href='C:\Users\arorag\eclipse-workspace\AN4_FILI_UPDATED\src\test\java\screenshot\TC04[1]clickOnLink_12_06_2024_02_44_37.png'><img src='C:\Users\arorag\eclipse-workspace\AN4_FILI_UPDATED\src\test\java\screenshot\TC04[1]clickOnLink_12_06_2024_02_44_37.png'height='100' width='100'/></a>
captureScreen method called
<a href='C:\Users\arorag\eclipse-workspace\AN4_FILI_UPDATED\src\test\java\screenshot\TC04[1]selectByVisibleText_12_06_2024_02_44_47.png'><img src='C:\Users\arorag\eclipse-workspace\AN4_FILI_UPDATED\src\test\java\screenshot\TC04[1]selectByVisibleText_12_06_2024_02_44_47.png'height='100' width='100'/></a>
captureScreen method called
<a href='C:\Users\arorag\eclipse-workspace\AN4_FILI_UPDATED\src\test\java\screenshot\TC04[1]clickOnLink_12_06_2024_02_44_57.png'><img src='C:\Users\arorag\eclipse-workspace\AN4_FILI_UPDATED\src\test\java\screenshot\TC04[1]clickOnLink_12_06_2024_02_44_57.png'height='100' width='100'/></a>
captureScreen method called
<a href='C:\Users\arorag\eclipse-workspace\AN4_FILI_UPDATED\src\test\java\screenshot\TC04[1]clickRadioButton_12_06_2024_02_45_18.png'><img src='C:\Users\arorag\eclipse-workspace\AN4_FILI_UPDATED\src\test\java\screenshot\TC04[1]clickRadioButton_12_06_2024_02_45_18.png'height='100' width='100'/></a>
captureScreen method called
<a href='C:\Users\arorag\eclipse-workspace\AN4_FILI_UPDATED\src\test\java\screenshot\TC04[1]clickOnLink_12_06_2024_02_45_28.png'><img src='C:\Users\arorag\eclipse-workspace\AN4_FILI_UPDATED\src\test\java\screenshot\TC04[1]clickOnLink_12_06_2024_02_45_28.png'height='100' width='100'/></a>
captureScreen method called
<a href='C:\Users\arorag\eclipse-workspace\AN4_FILI_UPDATED\src\test\java\screenshot\TC04[1]clickOnLink_12_06_2024_02_45_48.png'><img src='C:\Users\arorag\eclipse-workspace\AN4_FILI_UPDATED\src\test\java\screenshot\TC04[1]clickOnLink_12_06_2024_02_45_48.png'height='100' width='100'/></a>
captureScreen method called
<a href='C:\Users\arorag\eclipse-workspace\AN4_FILI_UPDATED\src\test\java\screenshot\TC04[1]clickRadioButton_12_06_2024_02_46_08.png'><img src='C:\Users\arorag\eclipse-workspace\AN4_FILI_UPDATED\src\test\java\screenshot\TC04[1]clickRadioButton_12_06_2024_02_46_08.png'height='100' width='100'/></a>
captureScreen method called
<a href='C:\Users\arorag\eclipse-workspace\AN4_FILI_UPDATED\src\test\java\screenshot\TC04[1]clickRadioButton_12_06_2024_02_46_18.png'><img src='C:\Users\arorag\eclipse-workspace\AN4_FILI_UPDATED\src\test\java\screenshot\TC04[1]clickRadioButton_12_06_2024_02_46_18.png'height='100' width='100'/></a>
captureScreen method called
<a href='C:\Users\arorag\eclipse-workspace\AN4_FILI_UPDATED\src\test\java\screenshot\TC04[1]inputText_12_06_2024_02_46_29.png'><img src='C:\Users\arorag\eclipse-workspace\AN4_FILI_UPDATED\src\test\java\screenshot\TC04[1]inputText_12_06_2024_02_46_29.png'height='100' width='100'/></a>
captureScreen method called
<a href='C:\Users\arorag\eclipse-workspace\AN4_FILI_UPDATED\src\test\java\screenshot\TC04[1]inputText_12_06_2024_02_46_39.png'><img src='C:\Users\arorag\eclipse-workspace\AN4_FILI_UPDATED\src\test\java\screenshot\TC04[1]inputText_12_06_2024_02_46_39.png'height='100' width='100'/></a>
captureScreen method called
<a href='C:\Users\arorag\eclipse-workspace\AN4_FILI_UPDATED\src\test\java\screenshot\TC04[1]clickRadioButton_12_06_2024_02_46_49.png'><img src='C:\Users\arorag\eclipse-workspace\AN4_FILI_UPDATED\src\test\java\screenshot\TC04[1]clickRadioButton_12_06_2024_02_46_49.png'height='100' width='100'/></a>
captureScreen method called
<a href='C:\Users\arorag\eclipse-workspace\AN4_FILI_UPDATED\src\test\java\screenshot\TC04[1]inputText_12_06_2024_02_46_59.png'><img src='C:\Users\arorag\eclipse-workspace\AN4_FILI_UPDATED\src\test\java\screenshot\TC04[1]inputText_12_06_2024_02_46_59.png'height='100' width='100'/></a>
captureScreen method called
<a href='C:\Users\arorag\eclipse-workspace\AN4_FILI_UPDATED\src\test\java\screenshot\TC04[1]selectByVisibleText_12_06_2024_02_47_09.png'><img src='C:\Users\arorag\eclipse-workspace\AN4_FILI_UPDATED\src\test\java\screenshot\TC04[1]selectByVisibleText_12_06_2024_02_47_09.png'height='100' width='100'/></a>
captureScreen method called
<a href='C:\Users\arorag\eclipse-workspace\AN4_FILI_UPDATED\src\test\java\screenshot\TC04[1]clickOnLink_12_06_2024_02_47_20.png'><img src='C:\Users\arorag\eclipse-workspace\AN4_FILI_UPDATED\src\test\java\screenshot\TC04[1]clickOnLink_12_06_2024_02_47_20.png'height='100' width='100'/></a>
captureScreen method called
<a href='C:\Users\arorag\eclipse-workspace\AN4_FILI_UPDATED\src\test\java\screenshot\TC04[1]clickRadioButton_12_06_2024_02_47_40.png'><img src='C:\Users\arorag\eclipse-workspace\AN4_FILI_UPDATED\src\test\java\screenshot\TC04[1]clickRadioButton_12_06_2024_02_47_40.png'height='100' width='100'/></a>
captureScreen method called
<a href='C:\Users\arorag\eclipse-workspace\AN4_FILI_UPDATED\src\test\java\screenshot\TC04[1]inputText_12_06_2024_02_47_50.png'><img src='C:\Users\arorag\eclipse-workspace\AN4_FILI_UPDATED\src\test\java\screenshot\TC04[1]inputText_12_06_2024_02_47_50.png'height='100' width='100'/></a>
captureScreen method called
<a href='C:\Users\arorag\eclipse-workspace\AN4_FILI_UPDATED\src\test\java\screenshot\TC04[1]inputText_12_06_2024_02_48_00.png'><img src='C:\Users\arorag\eclipse-workspace\AN4_FILI_UPDATED\src\test\java\screenshot\TC04[1]inputText_12_06_2024_02_48_00.png'height='100' width='100'/></a>
captureScreen method called
<a href='C:\Users\arorag\eclipse-workspace\AN4_FILI_UPDATED\src\test\java\screenshot\TC04[1]clickRadioButton_12_06_2024_02_48_10.png'><img src='C:\Users\arorag\eclipse-workspace\AN4_FILI_UPDATED\src\test\java\screenshot\TC04[1]clickRadioButton_12_06_2024_02_48_10.png'height='100' width='100'/></a>
captureScreen method called
<a href='C:\Users\arorag\eclipse-workspace\AN4_FILI_UPDATED\src\test\java\screenshot\TC04[1]inputText_12_06_2024_02_48_21.png'><img src='C:\Users\arorag\eclipse-workspace\AN4_FILI_UPDATED\src\test\java\screenshot\TC04[1]inputText_12_06_2024_02_48_21.png'height='100' width='100'/></a>
captureScreen method called
<a href='C:\Users\arorag\eclipse-workspace\AN4_FILI_UPDATED\src\test\java\screenshot\TC04[1]selectByVisibleText_12_06_2024_02_48_41.png'><img src='C:\Users\arorag\eclipse-workspace\AN4_FILI_UPDATED\src\test\java\screenshot\TC04[1]selectByVisibleText_12_06_2024_02_48_41.png'height='100' width='100'/></a>
captureScreen method called
<a href='C:\Users\arorag\eclipse-workspace\AN4_FILI_UPDATED\src\test\java\screenshot\TC04[1]clickOnLink_12_06_2024_02_48_51.png'><img src='C:\Users\arorag\eclipse-workspace\AN4_FILI_UPDATED\src\test\java\screenshot\TC04[1]clickOnLink_12_06_2024_02_48_51.png'height='100' width='100'/></a>
captureScreen method called
<a href='C:\Users\arorag\eclipse-workspace\AN4_FILI_UPDATED\src\test\java\screenshot\TC04[1]selectByVisibleText_12_06_2024_02_49_11.png'><img src='C:\Users\arorag\eclipse-workspace\AN4_FILI_UPDATED\src\test\java\screenshot\TC04[1]selectByVisibleText_12_06_2024_02_49_11.png'height='100' width='100'/></a>
captureScreen method called
<a href='C:\Users\arorag\eclipse-workspace\AN4_FILI_UPDATED\src\test\java\screenshot\TC04[1]selectByVisibleText_12_06_2024_02_49_31.png'><img src='C:\Users\arorag\eclipse-workspace\AN4_FILI_UPDATED\src\test\java\screenshot\TC04[1]selectByVisibleText_12_06_2024_02_49_31.png'height='100' width='100'/></a>
captureScreen method called
<a href='C:\Users\arorag\eclipse-workspace\AN4_FILI_UPDATED\src\test\java\screenshot\TC04[1]inputText_12_06_2024_02_49_42.png'><img src='C:\Users\arorag\eclipse-workspace\AN4_FILI_UPDATED\src\test\java\screenshot\TC04[1]inputText_12_06_2024_02_49_42.png'height='100' width='100'/></a>
captureScreen method called
<a href='C:\Users\arorag\eclipse-workspace\AN4_FILI_UPDATED\src\test\java\screenshot\TC04[1]clickOnLink_12_06_2024_02_49_52.png'><img src='C:\Users\arorag\eclipse-workspace\AN4_FILI_UPDATED\src\test\java\screenshot\TC04[1]clickOnLink_12_06_2024_02_49_52.png'height='100' width='100'/></a>
captureScreen method called
<a href='C:\Users\arorag\eclipse-workspace\AN4_FILI_UPDATED\src\test\java\screenshot\TC04[1]inputText_12_06_2024_02_50_12.png'><img src='C:\Users\arorag\eclipse-workspace\AN4_FILI_UPDATED\src\test\java\screenshot\TC04[1]inputText_12_06_2024_02_50_12.png'height='100' width='100'/></a>
captureScreen method called
<a href='C:\Users\arorag\eclipse-workspace\AN4_FILI_UPDATED\src\test\java\screenshot\TC04[1]inputText_12_06_2024_02_50_22.png'><img src='C:\Users\arorag\eclipse-workspace\AN4_FILI_UPDATED\src\test\java\screenshot\TC04[1]inputText_12_06_2024_02_50_22.png'height='100' width='100'/></a>
captureScreen method called
<a href='C:\Users\arorag\eclipse-workspace\AN4_FILI_UPDATED\src\test\java\screenshot\TC04[1]clickRadioButton_12_06_2024_02_50_32.png'><img src='C:\Users\arorag\eclipse-workspace\AN4_FILI_UPDATED\src\test\java\screenshot\TC04[1]clickRadioButton_12_06_2024_02_50_32.png'height='100' width='100'/></a>
captureScreen method called
<a href='C:\Users\arorag\eclipse-workspace\AN4_FILI_UPDATED\src\test\java\screenshot\TC04[1]inputText_12_06_2024_02_50_43.png'><img src='C:\Users\arorag\eclipse-workspace\AN4_FILI_UPDATED\src\test\java\screenshot\TC04[1]inputText_12_06_2024_02_50_43.png'height='100' width='100'/></a>
captureScreen method called
<a href='C:\Users\arorag\eclipse-workspace\AN4_FILI_UPDATED\src\test\java\screenshot\TC04[1]inputText_12_06_2024_02_50_53.png'><img src='C:\Users\arorag\eclipse-workspace\AN4_FILI_UPDATED\src\test\java\screenshot\TC04[1]inputText_12_06_2024_02_50_53.png'height='100' width='100'/></a>
captureScreen method called
<a href='C:\Users\arorag\eclipse-workspace\AN4_FILI_UPDATED\src\test\java\screenshot\TC04[1]selectByVisibleText_12_06_2024_02_51_03.png'><img src='C:\Users\arorag\eclipse-workspace\AN4_FILI_UPDATED\src\test\java\screenshot\TC04[1]selectByVisibleText_12_06_2024_02_51_03.png'height='100' width='100'/></a>
captureScreen method called
<a href='C:\Users\arorag\eclipse-workspace\AN4_FILI_UPDATED\src\test\java\screenshot\TC04[1]inputText_12_06_2024_02_51_13.png'><img src='C:\Users\arorag\eclipse-workspace\AN4_FILI_UPDATED\src\test\java\screenshot\TC04[1]inputText_12_06_2024_02_51_13.png'height='100' width='100'/></a>
captureScreen method called
<a href='C:\Users\arorag\eclipse-workspace\AN4_FILI_UPDATED\src\test\java\screenshot\TC04[1]inputText_12_06_2024_02_51_23.png'><img src='C:\Users\arorag\eclipse-workspace\AN4_FILI_UPDATED\src\test\java\screenshot\TC04[1]inputText_12_06_2024_02_51_23.png'height='100' width='100'/></a>
captureScreen method called
<a href='C:\Users\arorag\eclipse-workspace\AN4_FILI_UPDATED\src\test\java\screenshot\TC04[1]clickRadioButton_12_06_2024_02_51_34.png'><img src='C:\Users\arorag\eclipse-workspace\AN4_FILI_UPDATED\src\test\java\screenshot\TC04[1]clickRadioButton_12_06_2024_02_51_34.png'height='100' width='100'/></a>
captureScreen method called
<a href='C:\Users\arorag\eclipse-workspace\AN4_FILI_UPDATED\src\test\java\screenshot\TC04[1]inputText_12_06_2024_02_51_44.png'><img src='C:\Users\arorag\eclipse-workspace\AN4_FILI_UPDATED\src\test\java\screenshot\TC04[1]inputText_12_06_2024_02_51_44.png'height='100' width='100'/></a>
captureScreen method called
<a href='C:\Users\arorag\eclipse-workspace\AN4_FILI_UPDATED\src\test\java\screenshot\TC04[1]clickOnLink_12_06_2024_02_51_54.png'><img src='C:\Users\arorag\eclipse-workspace\AN4_FILI_UPDATED\src\test\java\screenshot\TC04[1]clickOnLink_12_06_2024_02_51_54.png'height='100' width='100'/></a>
captureScreen method called
<a href='C:\Users\arorag\eclipse-workspace\AN4_FILI_UPDATED\src\test\java\screenshot\TC04[1]clickRadioButton_12_06_2024_02_52_14.png'><img src='C:\Users\arorag\eclipse-workspace\AN4_FILI_UPDATED\src\test\java\screenshot\TC04[1]clickRadioButton_12_06_2024_02_52_14.png'height='100' width='100'/></a>
captureScreen method called
<a href='C:\Users\arorag\eclipse-workspace\AN4_FILI_UPDATED\src\test\java\screenshot\TC04[1]clickOnLink_12_06_2024_02_52_24.png'><img src='C:\Users\arorag\eclipse-workspace\AN4_FILI_UPDATED\src\test\java\screenshot\TC04[1]clickOnLink_12_06_2024_02_52_24.png'height='100' width='100'/></a>
captureScreen method called
<a href='C:\Users\arorag\eclipse-workspace\AN4_FILI_UPDATED\src\test\java\screenshot\TC04[1]clickOnLink_12_06_2024_02_52_45.png'><img src='C:\Users\arorag\eclipse-workspace\AN4_FILI_UPDATED\src\test\java\screenshot\TC04[1]clickOnLink_12_06_2024_02_52_45.png'height='100' width='100'/></a>
captureScreen method called
<a href='C:\Users\arorag\eclipse-workspace\AN4_FILI_UPDATED\src\test\java\screenshot\TC04[1]selectByVisibleText_12_06_2024_02_53_05.png'><img src='C:\Users\arorag\eclipse-workspace\AN4_FILI_UPDATED\src\test\java\screenshot\TC04[1]selectByVisibleText_12_06_2024_02_53_05.png'height='100' width='100'/></a>
captureScreen method called
<a href='C:\Users\arorag\eclipse-workspace\AN4_FILI_UPDATED\src\test\java\screenshot\TC04[1]selectByVisibleText_12_06_2024_02_53_25.png'><img src='C:\Users\arorag\eclipse-workspace\AN4_FILI_UPDATED\src\test\java\screenshot\TC04[1]selectByVisibleText_12_06_2024_02_53_25.png'height='100' width='100'/></a>
captureScreen method called
<a href='C:\Users\arorag\eclipse-workspace\AN4_FILI_UPDATED\src\test\java\screenshot\TC04[1]inputText_12_06_2024_02_53_35.png'><img src='C:\Users\arorag\eclipse-workspace\AN4_FILI_UPDATED\src\test\java\screenshot\TC04[1]inputText_12_06_2024_02_53_35.png'height='100' width='100'/></a>
captureScreen method called
<a href='C:\Users\arorag\eclipse-workspace\AN4_FILI_UPDATED\src\test\java\screenshot\TC04[1]clickOnLink_12_06_2024_02_53_45.png'><img src='C:\Users\arorag\eclipse-workspace\AN4_FILI_UPDATED\src\test\java\screenshot\TC04[1]clickOnLink_12_06_2024_02_53_45.png'height='100' width='100'/></a>
captureScreen method called
<a href='C:\Users\arorag\eclipse-workspace\AN4_FILI_UPDATED\src\test\java\screenshot\TC04[1]inputText_12_06_2024_02_54_05.png'><img src='C:\Users\arorag\eclipse-workspace\AN4_FILI_UPDATED\src\test\java\screenshot\TC04[1]inputText_12_06_2024_02_54_05.png'height='100' width='100'/></a>
captureScreen method called
<a href='C:\Users\arorag\eclipse-workspace\AN4_FILI_UPDATED\src\test\java\screenshot\TC04[1]inputText_12_06_2024_02_54_16.png'><img src='C:\Users\arorag\eclipse-workspace\AN4_FILI_UPDATED\src\test\java\screenshot\TC04[1]inputText_12_06_2024_02_54_16.png'height='100' width='100'/></a>
captureScreen method called
<a href='C:\Users\arorag\eclipse-workspace\AN4_FILI_UPDATED\src\test\java\screenshot\TC04[1]inputText_12_06_2024_02_54_26.png'><img src='C:\Users\arorag\eclipse-workspace\AN4_FILI_UPDATED\src\test\java\screenshot\TC04[1]inputText_12_06_2024_02_54_26.png'height='100' width='100'/></a>
captureScreen method called
<a href='C:\Users\arorag\eclipse-workspace\AN4_FILI_UPDATED\src\test\java\screenshot\TC04[1]clickRadioButton_12_06_2024_02_54_36.png'><img src='C:\Users\arorag\eclipse-workspace\AN4_FILI_UPDATED\src\test\java\screenshot\TC04[1]clickRadioButton_12_06_2024_02_54_36.png'height='100' width='100'/></a>
captureScreen method called
<a href='C:\Users\arorag\eclipse-workspace\AN4_FILI_UPDATED\src\test\java\screenshot\TC04[1]inputText_12_06_2024_02_54_46.png'><img src='C:\Users\arorag\eclipse-workspace\AN4_FILI_UPDATED\src\test\java\screenshot\TC04[1]inputText_12_06_2024_02_54_46.png'height='100' width='100'/></a>
captureScreen method called
<a href='C:\Users\arorag\eclipse-workspace\AN4_FILI_UPDATED\src\test\java\screenshot\TC04[1]inputText_12_06_2024_02_54_56.png'><img src='C:\Users\arorag\eclipse-workspace\AN4_FILI_UPDATED\src\test\java\screenshot\TC04[1]inputText_12_06_2024_02_54_56.png'height='100' width='100'/></a>
captureScreen method called
<a href='C:\Users\arorag\eclipse-workspace\AN4_FILI_UPDATED\src\test\java\screenshot\TC04[1]selectByVisibleText_12_06_2024_02_55_07.png'><img src='C:\Users\arorag\eclipse-workspace\AN4_FILI_UPDATED\src\test\java\screenshot\TC04[1]selectByVisibleText_12_06_2024_02_55_07.png'height='100' width='100'/></a>
captureScreen method called
<a href='C:\Users\arorag\eclipse-workspace\AN4_FILI_UPDATED\src\test\java\screenshot\TC04[1]inputText_12_06_2024_02_55_17.png'><img src='C:\Users\arorag\eclipse-workspace\AN4_FILI_UPDATED\src\test\java\screenshot\TC04[1]inputText_12_06_2024_02_55_17.png'height='100' width='100'/></a>
captureScreen method called
<a href='C:\Users\arorag\eclipse-workspace\AN4_FILI_UPDATED\src\test\java\screenshot\TC04[1]inputText_12_06_2024_02_55_27.png'><img src='C:\Users\arorag\eclipse-workspace\AN4_FILI_UPDATED\src\test\java\screenshot\TC04[1]inputText_12_06_2024_02_55_27.png'height='100' width='100'/></a>
captureScreen method called
<a href='C:\Users\arorag\eclipse-workspace\AN4_FILI_UPDATED\src\test\java\screenshot\TC04[1]clickRadioButton_12_06_2024_02_55_37.png'><img src='C:\Users\arorag\eclipse-workspace\AN4_FILI_UPDATED\src\test\java\screenshot\TC04[1]clickRadioButton_12_06_2024_02_55_37.png'height='100' width='100'/></a>
captureScreen method called
<a href='C:\Users\arorag\eclipse-workspace\AN4_FILI_UPDATED\src\test\java\screenshot\TC04[1]inputText_12_06_2024_02_55_47.png'><img src='C:\Users\arorag\eclipse-workspace\AN4_FILI_UPDATED\src\test\java\screenshot\TC04[1]inputText_12_06_2024_02_55_47.png'height='100' width='100'/></a>
captureScreen method called
<a href='C:\Users\arorag\eclipse-workspace\AN4_FILI_UPDATED\src\test\java\screenshot\TC04[1]clickRadioButton_12_06_2024_02_55_48.png'><img src='C:\Users\arorag\eclipse-workspace\AN4_FILI_UPDATED\src\test\java\screenshot\TC04[1]clickRadioButton_12_06_2024_02_55_48.png'height='100' width='100'/></a>
captureScreen method called
<a href='C:\Users\arorag\eclipse-workspace\AN4_FILI_UPDATED\src\test\java\screenshot\TC04[1]clickOnLink_12_06_2024_02_55_58.png'><img src='C:\Users\arorag\eclipse-workspace\AN4_FILI_UPDATED\src\test\java\screenshot\TC04[1]clickOnLink_12_06_2024_02_55_58.png'height='100' width='100'/></a>
captureScreen method called
<a href='C:\Users\arorag\eclipse-workspace\AN4_FILI_UPDATED\src\test\java\screenshot\TC04[1]clickOnLink_12_06_2024_02_56_18.png'><img src='C:\Users\arorag\eclipse-workspace\AN4_FILI_UPDATED\src\test\java\screenshot\TC04[1]clickOnLink_12_06_2024_02_56_18.png'height='100' width='100'/></a>
captureScreen method called
<a href='C:\Users\arorag\eclipse-workspace\AN4_FILI_UPDATED\src\test\java\screenshot\TC04[1]clickRadioButton_12_06_2024_02_56_28.png'><img src='C:\Users\arorag\eclipse-workspace\AN4_FILI_UPDATED\src\test\java\screenshot\TC04[1]clickRadioButton_12_06_2024_02_56_28.png'height='100' width='100'/></a>
captureScreen method called
<a href='C:\Users\arorag\eclipse-workspace\AN4_FILI_UPDATED\src\test\java\screenshot\TC04[1]clickRadioButton_12_06_2024_02_56_38.png'><img src='C:\Users\arorag\eclipse-workspace\AN4_FILI_UPDATED\src\test\java\screenshot\TC04[1]clickRadioButton_12_06_2024_02_56_38.png'height='100' width='100'/></a>
captureScreen method called
<a href='C:\Users\arorag\eclipse-workspace\AN4_FILI_UPDATED\src\test\java\screenshot\TC04[1]clickOnLink_12_06_2024_02_56_48.png'><img src='C:\Users\arorag\eclipse-workspace\AN4_FILI_UPDATED\src\test\java\screenshot\TC04[1]clickOnLink_12_06_2024_02_56_48.png'height='100' width='100'/></a>
captureScreen method called
<a href='C:\Users\arorag\eclipse-workspace\AN4_FILI_UPDATED\src\test\java\screenshot\TC04[1]inputText_12_06_2024_02_56_59.png'><img src='C:\Users\arorag\eclipse-workspace\AN4_FILI_UPDATED\src\test\java\screenshot\TC04[1]inputText_12_06_2024_02_56_59.png'height='100' width='100'/></a>
captureScreen method called
<a href='C:\Users\arorag\eclipse-workspace\AN4_FILI_UPDATED\src\test\java\screenshot\TC04[1]clickRadioButton_12_06_2024_02_56_59.png'><img src='C:\Users\arorag\eclipse-workspace\AN4_FILI_UPDATED\src\test\java\screenshot\TC04[1]clickRadioButton_12_06_2024_02_56_59.png'height='100' width='100'/></a>
captureScreen method called
captureScreen method called
captureScreen method called
captureScreen method called
captureScreen method called
<a href='C:\Users\arorag\eclipse-workspace\AN4_FILI_UPDATED\src\test\java\screenshot\TC04[1]clickRadioButton_12_06_2024_02_57_00.png'><img src='C:\Users\arorag\eclipse-workspace\AN4_FILI_UPDATED\src\test\java\screenshot\TC04[1]clickRadioButton_12_06_2024_02_57_00.png'height='100' width='100'/></a>
captureScreen method called
captureScreen method called
captureScreen method called
captureScreen method called
captureScreen method called
captureScreen method called
<a href='C:\Users\arorag\eclipse-workspace\AN4_FILI_UPDATED\src\test\java\screenshot\TC04[1]clickRadioButton_12_06_2024_02_57_10.png'><img src='C:\Users\arorag\eclipse-workspace\AN4_FILI_UPDATED\src\test\java\screenshot\TC04[1]clickRadioButton_12_06_2024_02_57_10.png'height='100' width='100'/></a>
captureScreen method called
<a href='C:\Users\arorag\eclipse-workspace\AN4_FILI_UPDATED\src\test\java\screenshot\TC04[1]clickRadioButton_12_06_2024_02_57_21.png'><img src='C:\Users\arorag\eclipse-workspace\AN4_FILI_UPDATED\src\test\java\screenshot\TC04[1]clickRadioButton_12_06_2024_02_57_21.png'height='100' width='100'/></a>
captureScreen method called
<a href='C:\Users\arorag\eclipse-workspace\AN4_FILI_UPDATED\src\test\java\screenshot\TC04[1]clickRadioButton_12_06_2024_02_57_31.png'><img src='C:\Users\arorag\eclipse-workspace\AN4_FILI_UPDATED\src\test\java\screenshot\TC04[1]clickRadioButton_12_06_2024_02_57_31.png'height='100' width='100'/></a>
captureScreen method called
captureScreen method called
captureScreen method called
captureScreen method called
<a href='C:\Users\arorag\eclipse-workspace\AN4_FILI_UPDATED\src\test\java\screenshot\TC04[1]clickRadioButton_12_06_2024_02_57_32.png'><img src='C:\Users\arorag\eclipse-workspace\AN4_FILI_UPDATED\src\test\java\screenshot\TC04[1]clickRadioButton_12_06_2024_02_57_32.png'height='100' width='100'/></a>
captureScreen method called
captureScreen method called
captureScreen method called
captureScreen method called
captureScreen method called
captureScreen method called
captureScreen method called
<a href='C:\Users\arorag\eclipse-workspace\AN4_FILI_UPDATED\src\test\java\screenshot\TC04[1]clickRadioButton_12_06_2024_02_57_33.png'><img src='C:\Users\arorag\eclipse-workspace\AN4_FILI_UPDATED\src\test\java\screenshot\TC04[1]clickRadioButton_12_06_2024_02_57_33.png'height='100' width='100'/></a>
captureScreen method called
captureScreen method called
captureScreen method called]]>
    </system-out>
  </testcase> <!-- TestCaseController -->
  <system-out>
    <![CDATA[captureScreen method called
<a href='C:\Users\arorag\eclipse-workspace\AN4_FILI_UPDATED\src\test\java\screenshot\TC04[1]selectByVisibleText_12_06_2024_02_38_32.png'><img src='C:\Users\arorag\eclipse-workspace\AN4_FILI_UPDATED\src\test\java\screenshot\TC04[1]selectByVisibleText_12_06_2024_02_38_32.png'height='100' width='100'/></a>
captureScreen method called
<a href='C:\Users\arorag\eclipse-workspace\AN4_FILI_UPDATED\src\test\java\screenshot\TC04[1]selectByVisibleText_12_06_2024_02_38_52.png'><img src='C:\Users\arorag\eclipse-workspace\AN4_FILI_UPDATED\src\test\java\screenshot\TC04[1]selectByVisibleText_12_06_2024_02_38_52.png'height='100' width='100'/></a>
captureScreen method called
<a href='C:\Users\arorag\eclipse-workspace\AN4_FILI_UPDATED\src\test\java\screenshot\TC04[1]selectByVisibleText_12_06_2024_02_39_12.png'><img src='C:\Users\arorag\eclipse-workspace\AN4_FILI_UPDATED\src\test\java\screenshot\TC04[1]selectByVisibleText_12_06_2024_02_39_12.png'height='100' width='100'/></a>
captureScreen method called
<a href='C:\Users\arorag\eclipse-workspace\AN4_FILI_UPDATED\src\test\java\screenshot\TC04[1]selectByVisibleText_12_06_2024_02_39_33.png'><img src='C:\Users\arorag\eclipse-workspace\AN4_FILI_UPDATED\src\test\java\screenshot\TC04[1]selectByVisibleText_12_06_2024_02_39_33.png'height='100' width='100'/></a>
captureScreen method called
<a href='C:\Users\arorag\eclipse-workspace\AN4_FILI_UPDATED\src\test\java\screenshot\TC04[1]selectByVisibleText_12_06_2024_02_39_53.png'><img src='C:\Users\arorag\eclipse-workspace\AN4_FILI_UPDATED\src\test\java\screenshot\TC04[1]selectByVisibleText_12_06_2024_02_39_53.png'height='100' width='100'/></a>
captureScreen method called
<a href='C:\Users\arorag\eclipse-workspace\AN4_FILI_UPDATED\src\test\java\screenshot\TC04[1]clickOnLink_12_06_2024_02_40_13.png'><img src='C:\Users\arorag\eclipse-workspace\AN4_FILI_UPDATED\src\test\java\screenshot\TC04[1]clickOnLink_12_06_2024_02_40_13.png'height='100' width='100'/></a>
captureScreen method called
<a href='C:\Users\arorag\eclipse-workspace\AN4_FILI_UPDATED\src\test\java\screenshot\TC04[1]selectByVisibleText_12_06_2024_02_40_33.png'><img src='C:\Users\arorag\eclipse-workspace\AN4_FILI_UPDATED\src\test\java\screenshot\TC04[1]selectByVisibleText_12_06_2024_02_40_33.png'height='100' width='100'/></a>
captureScreen method called
<a href='C:\Users\arorag\eclipse-workspace\AN4_FILI_UPDATED\src\test\java\screenshot\TC04[1]selectByVisibleText_12_06_2024_02_40_53.png'><img src='C:\Users\arorag\eclipse-workspace\AN4_FILI_UPDATED\src\test\java\screenshot\TC04[1]selectByVisibleText_12_06_2024_02_40_53.png'height='100' width='100'/></a>
captureScreen method called
<a href='C:\Users\arorag\eclipse-workspace\AN4_FILI_UPDATED\src\test\java\screenshot\TC04[1]selectByVisibleText_12_06_2024_02_41_14.png'><img src='C:\Users\arorag\eclipse-workspace\AN4_FILI_UPDATED\src\test\java\screenshot\TC04[1]selectByVisibleText_12_06_2024_02_41_14.png'height='100' width='100'/></a>
captureScreen method called
<a href='C:\Users\arorag\eclipse-workspace\AN4_FILI_UPDATED\src\test\java\screenshot\TC04[1]clickRadioButton_12_06_2024_02_41_24.png'><img src='C:\Users\arorag\eclipse-workspace\AN4_FILI_UPDATED\src\test\java\screenshot\TC04[1]clickRadioButton_12_06_2024_02_41_24.png'height='100' width='100'/></a>
captureScreen method called
<a href='C:\Users\arorag\eclipse-workspace\AN4_FILI_UPDATED\src\test\java\screenshot\TC04[1]clickRadioButton_12_06_2024_02_41_34.png'><img src='C:\Users\arorag\eclipse-workspace\AN4_FILI_UPDATED\src\test\java\screenshot\TC04[1]clickRadioButton_12_06_2024_02_41_34.png'height='100' width='100'/></a>
captureScreen method called
<a href='C:\Users\arorag\eclipse-workspace\AN4_FILI_UPDATED\src\test\java\screenshot\TC04[1]clickOnLink_12_06_2024_02_41_44.png'><img src='C:\Users\arorag\eclipse-workspace\AN4_FILI_UPDATED\src\test\java\screenshot\TC04[1]clickOnLink_12_06_2024_02_41_44.png'height='100' width='100'/></a>
captureScreen method called
<a href='C:\Users\arorag\eclipse-workspace\AN4_FILI_UPDATED\src\test\java\screenshot\TC04[1]inputText_12_06_2024_02_42_15.png'><img src='C:\Users\arorag\eclipse-workspace\AN4_FILI_UPDATED\src\test\java\screenshot\TC04[1]inputText_12_06_2024_02_42_15.png'height='100' width='100'/></a>
captureScreen method called
<a href='C:\Users\arorag\eclipse-workspace\AN4_FILI_UPDATED\src\test\java\screenshot\TC04[1]inputText_12_06_2024_02_42_25.png'><img src='C:\Users\arorag\eclipse-workspace\AN4_FILI_UPDATED\src\test\java\screenshot\TC04[1]inputText_12_06_2024_02_42_25.png'height='100' width='100'/></a>
captureScreen method called
<a href='C:\Users\arorag\eclipse-workspace\AN4_FILI_UPDATED\src\test\java\screenshot\TC04[1]inputText_12_06_2024_02_42_35.png'><img src='C:\Users\arorag\eclipse-workspace\AN4_FILI_UPDATED\src\test\java\screenshot\TC04[1]inputText_12_06_2024_02_42_35.png'height='100' width='100'/></a>
captureScreen method called
<a href='C:\Users\arorag\eclipse-workspace\AN4_FILI_UPDATED\src\test\java\screenshot\TC04[1]inputText_12_06_2024_02_42_45.png'><img src='C:\Users\arorag\eclipse-workspace\AN4_FILI_UPDATED\src\test\java\screenshot\TC04[1]inputText_12_06_2024_02_42_45.png'height='100' width='100'/></a>
captureScreen method called
<a href='C:\Users\arorag\eclipse-workspace\AN4_FILI_UPDATED\src\test\java\screenshot\TC04[1]clickRadioButton_12_06_2024_02_42_55.png'><img src='C:\Users\arorag\eclipse-workspace\AN4_FILI_UPDATED\src\test\java\screenshot\TC04[1]clickRadioButton_12_06_2024_02_42_55.png'height='100' width='100'/></a>
captureScreen method called
<a href='C:\Users\arorag\eclipse-workspace\AN4_FILI_UPDATED\src\test\java\screenshot\TC04[1]clickOnLink_12_06_2024_02_43_06.png'><img src='C:\Users\arorag\eclipse-workspace\AN4_FILI_UPDATED\src\test\java\screenshot\TC04[1]clickOnLink_12_06_2024_02_43_06.png'height='100' width='100'/></a>
captureScreen method called
<a href='C:\Users\arorag\eclipse-workspace\AN4_FILI_UPDATED\src\test\java\screenshot\TC04[1]inputText_12_06_2024_02_43_26.png'><img src='C:\Users\arorag\eclipse-workspace\AN4_FILI_UPDATED\src\test\java\screenshot\TC04[1]inputText_12_06_2024_02_43_26.png'height='100' width='100'/></a>
captureScreen method called
<a href='C:\Users\arorag\eclipse-workspace\AN4_FILI_UPDATED\src\test\java\screenshot\TC04[1]inputText_12_06_2024_02_43_36.png'><img src='C:\Users\arorag\eclipse-workspace\AN4_FILI_UPDATED\src\test\java\screenshot\TC04[1]inputText_12_06_2024_02_43_36.png'height='100' width='100'/></a>
captureScreen method called
<a href='C:\Users\arorag\eclipse-workspace\AN4_FILI_UPDATED\src\test\java\screenshot\TC04[1]clickRadioButton_12_06_2024_02_43_46.png'><img src='C:\Users\arorag\eclipse-workspace\AN4_FILI_UPDATED\src\test\java\screenshot\TC04[1]clickRadioButton_12_06_2024_02_43_46.png'height='100' width='100'/></a>
captureScreen method called
<a href='C:\Users\arorag\eclipse-workspace\AN4_FILI_UPDATED\src\test\java\screenshot\TC04[1]inputText_12_06_2024_02_43_56.png'><img src='C:\Users\arorag\eclipse-workspace\AN4_FILI_UPDATED\src\test\java\screenshot\TC04[1]inputText_12_06_2024_02_43_56.png'height='100' width='100'/></a>
captureScreen method called
<a href='C:\Users\arorag\eclipse-workspace\AN4_FILI_UPDATED\src\test\java\screenshot\TC04[1]inputText_12_06_2024_02_44_06.png'><img src='C:\Users\arorag\eclipse-workspace\AN4_FILI_UPDATED\src\test\java\screenshot\TC04[1]inputText_12_06_2024_02_44_06.png'height='100' width='100'/></a>
captureScreen method called
<a href='C:\Users\arorag\eclipse-workspace\AN4_FILI_UPDATED\src\test\java\screenshot\TC04[1]inputText_12_06_2024_02_44_17.png'><img src='C:\Users\arorag\eclipse-workspace\AN4_FILI_UPDATED\src\test\java\screenshot\TC04[1]inputText_12_06_2024_02_44_17.png'height='100' width='100'/></a>
captureScreen method called
<a href='C:\Users\arorag\eclipse-workspace\AN4_FILI_UPDATED\src\test\java\screenshot\TC04[1]inputText_12_06_2024_02_44_27.png'><img src='C:\Users\arorag\eclipse-workspace\AN4_FILI_UPDATED\src\test\java\screenshot\TC04[1]inputText_12_06_2024_02_44_27.png'height='100' width='100'/></a>
captureScreen method called
<a href='C:\Users\arorag\eclipse-workspace\AN4_FILI_UPDATED\src\test\java\screenshot\TC04[1]clickOnLink_12_06_2024_02_44_37.png'><img src='C:\Users\arorag\eclipse-workspace\AN4_FILI_UPDATED\src\test\java\screenshot\TC04[1]clickOnLink_12_06_2024_02_44_37.png'height='100' width='100'/></a>
captureScreen method called
<a href='C:\Users\arorag\eclipse-workspace\AN4_FILI_UPDATED\src\test\java\screenshot\TC04[1]selectByVisibleText_12_06_2024_02_44_47.png'><img src='C:\Users\arorag\eclipse-workspace\AN4_FILI_UPDATED\src\test\java\screenshot\TC04[1]selectByVisibleText_12_06_2024_02_44_47.png'height='100' width='100'/></a>
captureScreen method called
<a href='C:\Users\arorag\eclipse-workspace\AN4_FILI_UPDATED\src\test\java\screenshot\TC04[1]clickOnLink_12_06_2024_02_44_57.png'><img src='C:\Users\arorag\eclipse-workspace\AN4_FILI_UPDATED\src\test\java\screenshot\TC04[1]clickOnLink_12_06_2024_02_44_57.png'height='100' width='100'/></a>
captureScreen method called
<a href='C:\Users\arorag\eclipse-workspace\AN4_FILI_UPDATED\src\test\java\screenshot\TC04[1]clickRadioButton_12_06_2024_02_45_18.png'><img src='C:\Users\arorag\eclipse-workspace\AN4_FILI_UPDATED\src\test\java\screenshot\TC04[1]clickRadioButton_12_06_2024_02_45_18.png'height='100' width='100'/></a>
captureScreen method called
<a href='C:\Users\arorag\eclipse-workspace\AN4_FILI_UPDATED\src\test\java\screenshot\TC04[1]clickOnLink_12_06_2024_02_45_28.png'><img src='C:\Users\arorag\eclipse-workspace\AN4_FILI_UPDATED\src\test\java\screenshot\TC04[1]clickOnLink_12_06_2024_02_45_28.png'height='100' width='100'/></a>
captureScreen method called
<a href='C:\Users\arorag\eclipse-workspace\AN4_FILI_UPDATED\src\test\java\screenshot\TC04[1]clickOnLink_12_06_2024_02_45_48.png'><img src='C:\Users\arorag\eclipse-workspace\AN4_FILI_UPDATED\src\test\java\screenshot\TC04[1]clickOnLink_12_06_2024_02_45_48.png'height='100' width='100'/></a>
captureScreen method called
<a href='C:\Users\arorag\eclipse-workspace\AN4_FILI_UPDATED\src\test\java\screenshot\TC04[1]clickRadioButton_12_06_2024_02_46_08.png'><img src='C:\Users\arorag\eclipse-workspace\AN4_FILI_UPDATED\src\test\java\screenshot\TC04[1]clickRadioButton_12_06_2024_02_46_08.png'height='100' width='100'/></a>
captureScreen method called
<a href='C:\Users\arorag\eclipse-workspace\AN4_FILI_UPDATED\src\test\java\screenshot\TC04[1]clickRadioButton_12_06_2024_02_46_18.png'><img src='C:\Users\arorag\eclipse-workspace\AN4_FILI_UPDATED\src\test\java\screenshot\TC04[1]clickRadioButton_12_06_2024_02_46_18.png'height='100' width='100'/></a>
captureScreen method called
<a href='C:\Users\arorag\eclipse-workspace\AN4_FILI_UPDATED\src\test\java\screenshot\TC04[1]inputText_12_06_2024_02_46_29.png'><img src='C:\Users\arorag\eclipse-workspace\AN4_FILI_UPDATED\src\test\java\screenshot\TC04[1]inputText_12_06_2024_02_46_29.png'height='100' width='100'/></a>
captureScreen method called
<a href='C:\Users\arorag\eclipse-workspace\AN4_FILI_UPDATED\src\test\java\screenshot\TC04[1]inputText_12_06_2024_02_46_39.png'><img src='C:\Users\arorag\eclipse-workspace\AN4_FILI_UPDATED\src\test\java\screenshot\TC04[1]inputText_12_06_2024_02_46_39.png'height='100' width='100'/></a>
captureScreen method called
<a href='C:\Users\arorag\eclipse-workspace\AN4_FILI_UPDATED\src\test\java\screenshot\TC04[1]clickRadioButton_12_06_2024_02_46_49.png'><img src='C:\Users\arorag\eclipse-workspace\AN4_FILI_UPDATED\src\test\java\screenshot\TC04[1]clickRadioButton_12_06_2024_02_46_49.png'height='100' width='100'/></a>
captureScreen method called
<a href='C:\Users\arorag\eclipse-workspace\AN4_FILI_UPDATED\src\test\java\screenshot\TC04[1]inputText_12_06_2024_02_46_59.png'><img src='C:\Users\arorag\eclipse-workspace\AN4_FILI_UPDATED\src\test\java\screenshot\TC04[1]inputText_12_06_2024_02_46_59.png'height='100' width='100'/></a>
captureScreen method called
<a href='C:\Users\arorag\eclipse-workspace\AN4_FILI_UPDATED\src\test\java\screenshot\TC04[1]selectByVisibleText_12_06_2024_02_47_09.png'><img src='C:\Users\arorag\eclipse-workspace\AN4_FILI_UPDATED\src\test\java\screenshot\TC04[1]selectByVisibleText_12_06_2024_02_47_09.png'height='100' width='100'/></a>
captureScreen method called
<a href='C:\Users\arorag\eclipse-workspace\AN4_FILI_UPDATED\src\test\java\screenshot\TC04[1]clickOnLink_12_06_2024_02_47_20.png'><img src='C:\Users\arorag\eclipse-workspace\AN4_FILI_UPDATED\src\test\java\screenshot\TC04[1]clickOnLink_12_06_2024_02_47_20.png'height='100' width='100'/></a>
captureScreen method called
<a href='C:\Users\arorag\eclipse-workspace\AN4_FILI_UPDATED\src\test\java\screenshot\TC04[1]clickRadioButton_12_06_2024_02_47_40.png'><img src='C:\Users\arorag\eclipse-workspace\AN4_FILI_UPDATED\src\test\java\screenshot\TC04[1]clickRadioButton_12_06_2024_02_47_40.png'height='100' width='100'/></a>
captureScreen method called
<a href='C:\Users\arorag\eclipse-workspace\AN4_FILI_UPDATED\src\test\java\screenshot\TC04[1]inputText_12_06_2024_02_47_50.png'><img src='C:\Users\arorag\eclipse-workspace\AN4_FILI_UPDATED\src\test\java\screenshot\TC04[1]inputText_12_06_2024_02_47_50.png'height='100' width='100'/></a>
captureScreen method called
<a href='C:\Users\arorag\eclipse-workspace\AN4_FILI_UPDATED\src\test\java\screenshot\TC04[1]inputText_12_06_2024_02_48_00.png'><img src='C:\Users\arorag\eclipse-workspace\AN4_FILI_UPDATED\src\test\java\screenshot\TC04[1]inputText_12_06_2024_02_48_00.png'height='100' width='100'/></a>
captureScreen method called
<a href='C:\Users\arorag\eclipse-workspace\AN4_FILI_UPDATED\src\test\java\screenshot\TC04[1]clickRadioButton_12_06_2024_02_48_10.png'><img src='C:\Users\arorag\eclipse-workspace\AN4_FILI_UPDATED\src\test\java\screenshot\TC04[1]clickRadioButton_12_06_2024_02_48_10.png'height='100' width='100'/></a>
captureScreen method called
<a href='C:\Users\arorag\eclipse-workspace\AN4_FILI_UPDATED\src\test\java\screenshot\TC04[1]inputText_12_06_2024_02_48_21.png'><img src='C:\Users\arorag\eclipse-workspace\AN4_FILI_UPDATED\src\test\java\screenshot\TC04[1]inputText_12_06_2024_02_48_21.png'height='100' width='100'/></a>
captureScreen method called
<a href='C:\Users\arorag\eclipse-workspace\AN4_FILI_UPDATED\src\test\java\screenshot\TC04[1]selectByVisibleText_12_06_2024_02_48_41.png'><img src='C:\Users\arorag\eclipse-workspace\AN4_FILI_UPDATED\src\test\java\screenshot\TC04[1]selectByVisibleText_12_06_2024_02_48_41.png'height='100' width='100'/></a>
captureScreen method called
<a href='C:\Users\arorag\eclipse-workspace\AN4_FILI_UPDATED\src\test\java\screenshot\TC04[1]clickOnLink_12_06_2024_02_48_51.png'><img src='C:\Users\arorag\eclipse-workspace\AN4_FILI_UPDATED\src\test\java\screenshot\TC04[1]clickOnLink_12_06_2024_02_48_51.png'height='100' width='100'/></a>
captureScreen method called
<a href='C:\Users\arorag\eclipse-workspace\AN4_FILI_UPDATED\src\test\java\screenshot\TC04[1]selectByVisibleText_12_06_2024_02_49_11.png'><img src='C:\Users\arorag\eclipse-workspace\AN4_FILI_UPDATED\src\test\java\screenshot\TC04[1]selectByVisibleText_12_06_2024_02_49_11.png'height='100' width='100'/></a>
captureScreen method called
<a href='C:\Users\arorag\eclipse-workspace\AN4_FILI_UPDATED\src\test\java\screenshot\TC04[1]selectByVisibleText_12_06_2024_02_49_31.png'><img src='C:\Users\arorag\eclipse-workspace\AN4_FILI_UPDATED\src\test\java\screenshot\TC04[1]selectByVisibleText_12_06_2024_02_49_31.png'height='100' width='100'/></a>
captureScreen method called
<a href='C:\Users\arorag\eclipse-workspace\AN4_FILI_UPDATED\src\test\java\screenshot\TC04[1]inputText_12_06_2024_02_49_42.png'><img src='C:\Users\arorag\eclipse-workspace\AN4_FILI_UPDATED\src\test\java\screenshot\TC04[1]inputText_12_06_2024_02_49_42.png'height='100' width='100'/></a>
captureScreen method called
<a href='C:\Users\arorag\eclipse-workspace\AN4_FILI_UPDATED\src\test\java\screenshot\TC04[1]clickOnLink_12_06_2024_02_49_52.png'><img src='C:\Users\arorag\eclipse-workspace\AN4_FILI_UPDATED\src\test\java\screenshot\TC04[1]clickOnLink_12_06_2024_02_49_52.png'height='100' width='100'/></a>
captureScreen method called
<a href='C:\Users\arorag\eclipse-workspace\AN4_FILI_UPDATED\src\test\java\screenshot\TC04[1]inputText_12_06_2024_02_50_12.png'><img src='C:\Users\arorag\eclipse-workspace\AN4_FILI_UPDATED\src\test\java\screenshot\TC04[1]inputText_12_06_2024_02_50_12.png'height='100' width='100'/></a>
captureScreen method called
<a href='C:\Users\arorag\eclipse-workspace\AN4_FILI_UPDATED\src\test\java\screenshot\TC04[1]inputText_12_06_2024_02_50_22.png'><img src='C:\Users\arorag\eclipse-workspace\AN4_FILI_UPDATED\src\test\java\screenshot\TC04[1]inputText_12_06_2024_02_50_22.png'height='100' width='100'/></a>
captureScreen method called
<a href='C:\Users\arorag\eclipse-workspace\AN4_FILI_UPDATED\src\test\java\screenshot\TC04[1]clickRadioButton_12_06_2024_02_50_32.png'><img src='C:\Users\arorag\eclipse-workspace\AN4_FILI_UPDATED\src\test\java\screenshot\TC04[1]clickRadioButton_12_06_2024_02_50_32.png'height='100' width='100'/></a>
captureScreen method called
<a href='C:\Users\arorag\eclipse-workspace\AN4_FILI_UPDATED\src\test\java\screenshot\TC04[1]inputText_12_06_2024_02_50_43.png'><img src='C:\Users\arorag\eclipse-workspace\AN4_FILI_UPDATED\src\test\java\screenshot\TC04[1]inputText_12_06_2024_02_50_43.png'height='100' width='100'/></a>
captureScreen method called
<a href='C:\Users\arorag\eclipse-workspace\AN4_FILI_UPDATED\src\test\java\screenshot\TC04[1]inputText_12_06_2024_02_50_53.png'><img src='C:\Users\arorag\eclipse-workspace\AN4_FILI_UPDATED\src\test\java\screenshot\TC04[1]inputText_12_06_2024_02_50_53.png'height='100' width='100'/></a>
captureScreen method called
<a href='C:\Users\arorag\eclipse-workspace\AN4_FILI_UPDATED\src\test\java\screenshot\TC04[1]selectByVisibleText_12_06_2024_02_51_03.png'><img src='C:\Users\arorag\eclipse-workspace\AN4_FILI_UPDATED\src\test\java\screenshot\TC04[1]selectByVisibleText_12_06_2024_02_51_03.png'height='100' width='100'/></a>
captureScreen method called
<a href='C:\Users\arorag\eclipse-workspace\AN4_FILI_UPDATED\src\test\java\screenshot\TC04[1]inputText_12_06_2024_02_51_13.png'><img src='C:\Users\arorag\eclipse-workspace\AN4_FILI_UPDATED\src\test\java\screenshot\TC04[1]inputText_12_06_2024_02_51_13.png'height='100' width='100'/></a>
captureScreen method called
<a href='C:\Users\arorag\eclipse-workspace\AN4_FILI_UPDATED\src\test\java\screenshot\TC04[1]inputText_12_06_2024_02_51_23.png'><img src='C:\Users\arorag\eclipse-workspace\AN4_FILI_UPDATED\src\test\java\screenshot\TC04[1]inputText_12_06_2024_02_51_23.png'height='100' width='100'/></a>
captureScreen method called
<a href='C:\Users\arorag\eclipse-workspace\AN4_FILI_UPDATED\src\test\java\screenshot\TC04[1]clickRadioButton_12_06_2024_02_51_34.png'><img src='C:\Users\arorag\eclipse-workspace\AN4_FILI_UPDATED\src\test\java\screenshot\TC04[1]clickRadioButton_12_06_2024_02_51_34.png'height='100' width='100'/></a>
captureScreen method called
<a href='C:\Users\arorag\eclipse-workspace\AN4_FILI_UPDATED\src\test\java\screenshot\TC04[1]inputText_12_06_2024_02_51_44.png'><img src='C:\Users\arorag\eclipse-workspace\AN4_FILI_UPDATED\src\test\java\screenshot\TC04[1]inputText_12_06_2024_02_51_44.png'height='100' width='100'/></a>
captureScreen method called
<a href='C:\Users\arorag\eclipse-workspace\AN4_FILI_UPDATED\src\test\java\screenshot\TC04[1]clickOnLink_12_06_2024_02_51_54.png'><img src='C:\Users\arorag\eclipse-workspace\AN4_FILI_UPDATED\src\test\java\screenshot\TC04[1]clickOnLink_12_06_2024_02_51_54.png'height='100' width='100'/></a>
captureScreen method called
<a href='C:\Users\arorag\eclipse-workspace\AN4_FILI_UPDATED\src\test\java\screenshot\TC04[1]clickRadioButton_12_06_2024_02_52_14.png'><img src='C:\Users\arorag\eclipse-workspace\AN4_FILI_UPDATED\src\test\java\screenshot\TC04[1]clickRadioButton_12_06_2024_02_52_14.png'height='100' width='100'/></a>
captureScreen method called
<a href='C:\Users\arorag\eclipse-workspace\AN4_FILI_UPDATED\src\test\java\screenshot\TC04[1]clickOnLink_12_06_2024_02_52_24.png'><img src='C:\Users\arorag\eclipse-workspace\AN4_FILI_UPDATED\src\test\java\screenshot\TC04[1]clickOnLink_12_06_2024_02_52_24.png'height='100' width='100'/></a>
captureScreen method called
<a href='C:\Users\arorag\eclipse-workspace\AN4_FILI_UPDATED\src\test\java\screenshot\TC04[1]clickOnLink_12_06_2024_02_52_45.png'><img src='C:\Users\arorag\eclipse-workspace\AN4_FILI_UPDATED\src\test\java\screenshot\TC04[1]clickOnLink_12_06_2024_02_52_45.png'height='100' width='100'/></a>
captureScreen method called
<a href='C:\Users\arorag\eclipse-workspace\AN4_FILI_UPDATED\src\test\java\screenshot\TC04[1]selectByVisibleText_12_06_2024_02_53_05.png'><img src='C:\Users\arorag\eclipse-workspace\AN4_FILI_UPDATED\src\test\java\screenshot\TC04[1]selectByVisibleText_12_06_2024_02_53_05.png'height='100' width='100'/></a>
captureScreen method called
<a href='C:\Users\arorag\eclipse-workspace\AN4_FILI_UPDATED\src\test\java\screenshot\TC04[1]selectByVisibleText_12_06_2024_02_53_25.png'><img src='C:\Users\arorag\eclipse-workspace\AN4_FILI_UPDATED\src\test\java\screenshot\TC04[1]selectByVisibleText_12_06_2024_02_53_25.png'height='100' width='100'/></a>
captureScreen method called
<a href='C:\Users\arorag\eclipse-workspace\AN4_FILI_UPDATED\src\test\java\screenshot\TC04[1]inputText_12_06_2024_02_53_35.png'><img src='C:\Users\arorag\eclipse-workspace\AN4_FILI_UPDATED\src\test\java\screenshot\TC04[1]inputText_12_06_2024_02_53_35.png'height='100' width='100'/></a>
captureScreen method called
<a href='C:\Users\arorag\eclipse-workspace\AN4_FILI_UPDATED\src\test\java\screenshot\TC04[1]clickOnLink_12_06_2024_02_53_45.png'><img src='C:\Users\arorag\eclipse-workspace\AN4_FILI_UPDATED\src\test\java\screenshot\TC04[1]clickOnLink_12_06_2024_02_53_45.png'height='100' width='100'/></a>
captureScreen method called
<a href='C:\Users\arorag\eclipse-workspace\AN4_FILI_UPDATED\src\test\java\screenshot\TC04[1]inputText_12_06_2024_02_54_05.png'><img src='C:\Users\arorag\eclipse-workspace\AN4_FILI_UPDATED\src\test\java\screenshot\TC04[1]inputText_12_06_2024_02_54_05.png'height='100' width='100'/></a>
captureScreen method called
<a href='C:\Users\arorag\eclipse-workspace\AN4_FILI_UPDATED\src\test\java\screenshot\TC04[1]inputText_12_06_2024_02_54_16.png'><img src='C:\Users\arorag\eclipse-workspace\AN4_FILI_UPDATED\src\test\java\screenshot\TC04[1]inputText_12_06_2024_02_54_16.png'height='100' width='100'/></a>
captureScreen method called
<a href='C:\Users\arorag\eclipse-workspace\AN4_FILI_UPDATED\src\test\java\screenshot\TC04[1]inputText_12_06_2024_02_54_26.png'><img src='C:\Users\arorag\eclipse-workspace\AN4_FILI_UPDATED\src\test\java\screenshot\TC04[1]inputText_12_06_2024_02_54_26.png'height='100' width='100'/></a>
captureScreen method called
<a href='C:\Users\arorag\eclipse-workspace\AN4_FILI_UPDATED\src\test\java\screenshot\TC04[1]clickRadioButton_12_06_2024_02_54_36.png'><img src='C:\Users\arorag\eclipse-workspace\AN4_FILI_UPDATED\src\test\java\screenshot\TC04[1]clickRadioButton_12_06_2024_02_54_36.png'height='100' width='100'/></a>
captureScreen method called
<a href='C:\Users\arorag\eclipse-workspace\AN4_FILI_UPDATED\src\test\java\screenshot\TC04[1]inputText_12_06_2024_02_54_46.png'><img src='C:\Users\arorag\eclipse-workspace\AN4_FILI_UPDATED\src\test\java\screenshot\TC04[1]inputText_12_06_2024_02_54_46.png'height='100' width='100'/></a>
captureScreen method called
<a href='C:\Users\arorag\eclipse-workspace\AN4_FILI_UPDATED\src\test\java\screenshot\TC04[1]inputText_12_06_2024_02_54_56.png'><img src='C:\Users\arorag\eclipse-workspace\AN4_FILI_UPDATED\src\test\java\screenshot\TC04[1]inputText_12_06_2024_02_54_56.png'height='100' width='100'/></a>
captureScreen method called
<a href='C:\Users\arorag\eclipse-workspace\AN4_FILI_UPDATED\src\test\java\screenshot\TC04[1]selectByVisibleText_12_06_2024_02_55_07.png'><img src='C:\Users\arorag\eclipse-workspace\AN4_FILI_UPDATED\src\test\java\screenshot\TC04[1]selectByVisibleText_12_06_2024_02_55_07.png'height='100' width='100'/></a>
captureScreen method called
<a href='C:\Users\arorag\eclipse-workspace\AN4_FILI_UPDATED\src\test\java\screenshot\TC04[1]inputText_12_06_2024_02_55_17.png'><img src='C:\Users\arorag\eclipse-workspace\AN4_FILI_UPDATED\src\test\java\screenshot\TC04[1]inputText_12_06_2024_02_55_17.png'height='100' width='100'/></a>
captureScreen method called
<a href='C:\Users\arorag\eclipse-workspace\AN4_FILI_UPDATED\src\test\java\screenshot\TC04[1]inputText_12_06_2024_02_55_27.png'><img src='C:\Users\arorag\eclipse-workspace\AN4_FILI_UPDATED\src\test\java\screenshot\TC04[1]inputText_12_06_2024_02_55_27.png'height='100' width='100'/></a>
captureScreen method called
<a href='C:\Users\arorag\eclipse-workspace\AN4_FILI_UPDATED\src\test\java\screenshot\TC04[1]clickRadioButton_12_06_2024_02_55_37.png'><img src='C:\Users\arorag\eclipse-workspace\AN4_FILI_UPDATED\src\test\java\screenshot\TC04[1]clickRadioButton_12_06_2024_02_55_37.png'height='100' width='100'/></a>
captureScreen method called
<a href='C:\Users\arorag\eclipse-workspace\AN4_FILI_UPDATED\src\test\java\screenshot\TC04[1]inputText_12_06_2024_02_55_47.png'><img src='C:\Users\arorag\eclipse-workspace\AN4_FILI_UPDATED\src\test\java\screenshot\TC04[1]inputText_12_06_2024_02_55_47.png'height='100' width='100'/></a>
captureScreen method called
<a href='C:\Users\arorag\eclipse-workspace\AN4_FILI_UPDATED\src\test\java\screenshot\TC04[1]clickRadioButton_12_06_2024_02_55_48.png'><img src='C:\Users\arorag\eclipse-workspace\AN4_FILI_UPDATED\src\test\java\screenshot\TC04[1]clickRadioButton_12_06_2024_02_55_48.png'height='100' width='100'/></a>
captureScreen method called
<a href='C:\Users\arorag\eclipse-workspace\AN4_FILI_UPDATED\src\test\java\screenshot\TC04[1]clickOnLink_12_06_2024_02_55_58.png'><img src='C:\Users\arorag\eclipse-workspace\AN4_FILI_UPDATED\src\test\java\screenshot\TC04[1]clickOnLink_12_06_2024_02_55_58.png'height='100' width='100'/></a>
captureScreen method called
<a href='C:\Users\arorag\eclipse-workspace\AN4_FILI_UPDATED\src\test\java\screenshot\TC04[1]clickOnLink_12_06_2024_02_56_18.png'><img src='C:\Users\arorag\eclipse-workspace\AN4_FILI_UPDATED\src\test\java\screenshot\TC04[1]clickOnLink_12_06_2024_02_56_18.png'height='100' width='100'/></a>
captureScreen method called
<a href='C:\Users\arorag\eclipse-workspace\AN4_FILI_UPDATED\src\test\java\screenshot\TC04[1]clickRadioButton_12_06_2024_02_56_28.png'><img src='C:\Users\arorag\eclipse-workspace\AN4_FILI_UPDATED\src\test\java\screenshot\TC04[1]clickRadioButton_12_06_2024_02_56_28.png'height='100' width='100'/></a>
captureScreen method called
<a href='C:\Users\arorag\eclipse-workspace\AN4_FILI_UPDATED\src\test\java\screenshot\TC04[1]clickRadioButton_12_06_2024_02_56_38.png'><img src='C:\Users\arorag\eclipse-workspace\AN4_FILI_UPDATED\src\test\java\screenshot\TC04[1]clickRadioButton_12_06_2024_02_56_38.png'height='100' width='100'/></a>
captureScreen method called
<a href='C:\Users\arorag\eclipse-workspace\AN4_FILI_UPDATED\src\test\java\screenshot\TC04[1]clickOnLink_12_06_2024_02_56_48.png'><img src='C:\Users\arorag\eclipse-workspace\AN4_FILI_UPDATED\src\test\java\screenshot\TC04[1]clickOnLink_12_06_2024_02_56_48.png'height='100' width='100'/></a>
captureScreen method called
<a href='C:\Users\arorag\eclipse-workspace\AN4_FILI_UPDATED\src\test\java\screenshot\TC04[1]inputText_12_06_2024_02_56_59.png'><img src='C:\Users\arorag\eclipse-workspace\AN4_FILI_UPDATED\src\test\java\screenshot\TC04[1]inputText_12_06_2024_02_56_59.png'height='100' width='100'/></a>
captureScreen method called
<a href='C:\Users\arorag\eclipse-workspace\AN4_FILI_UPDATED\src\test\java\screenshot\TC04[1]clickRadioButton_12_06_2024_02_56_59.png'><img src='C:\Users\arorag\eclipse-workspace\AN4_FILI_UPDATED\src\test\java\screenshot\TC04[1]clickRadioButton_12_06_2024_02_56_59.png'height='100' width='100'/></a>
captureScreen method called
captureScreen method called
captureScreen method called
captureScreen method called
captureScreen method called
<a href='C:\Users\arorag\eclipse-workspace\AN4_FILI_UPDATED\src\test\java\screenshot\TC04[1]clickRadioButton_12_06_2024_02_57_00.png'><img src='C:\Users\arorag\eclipse-workspace\AN4_FILI_UPDATED\src\test\java\screenshot\TC04[1]clickRadioButton_12_06_2024_02_57_00.png'height='100' width='100'/></a>
captureScreen method called
captureScreen method called
captureScreen method called
captureScreen method called
captureScreen method called
captureScreen method called
<a href='C:\Users\arorag\eclipse-workspace\AN4_FILI_UPDATED\src\test\java\screenshot\TC04[1]clickRadioButton_12_06_2024_02_57_10.png'><img src='C:\Users\arorag\eclipse-workspace\AN4_FILI_UPDATED\src\test\java\screenshot\TC04[1]clickRadioButton_12_06_2024_02_57_10.png'height='100' width='100'/></a>
captureScreen method called
<a href='C:\Users\arorag\eclipse-workspace\AN4_FILI_UPDATED\src\test\java\screenshot\TC04[1]clickRadioButton_12_06_2024_02_57_21.png'><img src='C:\Users\arorag\eclipse-workspace\AN4_FILI_UPDATED\src\test\java\screenshot\TC04[1]clickRadioButton_12_06_2024_02_57_21.png'height='100' width='100'/></a>
captureScreen method called
<a href='C:\Users\arorag\eclipse-workspace\AN4_FILI_UPDATED\src\test\java\screenshot\TC04[1]clickRadioButton_12_06_2024_02_57_31.png'><img src='C:\Users\arorag\eclipse-workspace\AN4_FILI_UPDATED\src\test\java\screenshot\TC04[1]clickRadioButton_12_06_2024_02_57_31.png'height='100' width='100'/></a>
captureScreen method called
captureScreen method called
captureScreen method called
captureScreen method called
<a href='C:\Users\arorag\eclipse-workspace\AN4_FILI_UPDATED\src\test\java\screenshot\TC04[1]clickRadioButton_12_06_2024_02_57_32.png'><img src='C:\Users\arorag\eclipse-workspace\AN4_FILI_UPDATED\src\test\java\screenshot\TC04[1]clickRadioButton_12_06_2024_02_57_32.png'height='100' width='100'/></a>
captureScreen method called
captureScreen method called
captureScreen method called
captureScreen method called
captureScreen method called
captureScreen method called
captureScreen method called
<a href='C:\Users\arorag\eclipse-workspace\AN4_FILI_UPDATED\src\test\java\screenshot\TC04[1]clickRadioButton_12_06_2024_02_57_33.png'><img src='C:\Users\arorag\eclipse-workspace\AN4_FILI_UPDATED\src\test\java\screenshot\TC04[1]clickRadioButton_12_06_2024_02_57_33.png'height='100' width='100'/></a>
captureScreen method called
captureScreen method called
captureScreen method called]]>
  </system-out>
</testsuite> <!-- testController.TestController -->
